<?xml version="1.0" encoding="UTF-8"?>
<!-- Generated by org.testng.reporters.JUnitReportReporter -->
<testsuite hostname="DESKTOP-ISIJ8S4" failures="0" tests="6" name="test.TC001_Test" time="28.377" errors="0" timestamp="2022-03-06T21:03:58 BDT" skipped="0">
  <testcase classname="test.TC001_Test" name="registrationTest" time="9.246"/>
  <system-out/>
  <testcase classname="test.TC001_Test" name="logInTest" time="1.922"/>
  <system-out/>
  <testcase classname="test.TC001_Test" name="openNewAccountTest" time="2.506"/>
  <system-out/>
  <testcase classname="test.TC001_Test" name="tranasferFundTest" time="6.651"/>
  <system-out/>
  <testcase classname="test.TC001_Test" name="findTransactionTest" time="3.625"/>
  <system-out/>
  <testcase classname="test.TC001_Test" name="infoUpdateTest" time="4.427"/>
  <system-out/>
</testsuite> <!-- test.TC001_Test -->
