<?xml version="1.0" encoding="UTF-8"?>
<!-- Generated by org.testng.reporters.JUnitReportReporter -->
<testsuite hostname="DESKTOP-ISIJ8S4" failures="0" tests="1" name="test.TC001_Test" time="7.903" errors="0" timestamp="2022-03-03T20:48:09 BDT" skipped="0">
  <testcase classname="test.TC001_Test" name="test1" time="7.903"/>
  <system-out/>
</testsuite> <!-- test.TC001_Test -->
