<?xml version="1.0" encoding="UTF-8"?>
<!-- Generated by org.testng.reporters.JUnitReportReporter -->
<testsuite hostname="DESKTOP-ISIJ8S4" failures="0" tests="6" name="test.TC001_Test" time="28.047" errors="0" timestamp="2022-03-06T23:02:47 BDT" skipped="0">
  <testcase classname="test.TC001_Test" name="registrationTest" time="8.924"/>
  <system-out/>
  <testcase classname="test.TC001_Test" name="logInTest" time="1.366"/>
  <system-out/>
  <testcase classname="test.TC001_Test" name="openNewAccountTest" time="2.328"/>
  <system-out/>
  <testcase classname="test.TC001_Test" name="tranasferFundTest" time="6.837"/>
  <system-out/>
  <testcase classname="test.TC001_Test" name="findTransactionTest" time="4.015"/>
  <system-out/>
  <testcase classname="test.TC001_Test" name="infoUpdateTest" time="4.577"/>
  <system-out/>
</testsuite> <!-- test.TC001_Test -->
