<?xml version="1.0" encoding="UTF-8"?>
<!-- Generated by org.testng.reporters.JUnitReportReporter -->
<testsuite hostname="DESKTOP-ISIJ8S4" failures="0" tests="1" name="test.TC001_Test" time="15.901" errors="0" timestamp="2022-03-05T20:38:00 BDT" skipped="0">
  <testcase classname="test.TC001_Test" name="test1" time="15.901"/>
  <system-out/>
</testsuite> <!-- test.TC001_Test -->
